22:02:29.150 INFO [general]  Config ( yes ): default properties from resource 'ethereumj.conf'
22:02:29.153 INFO [general]  Config ( no  ): user properties from -Dethereumj.conf.res resource 'null'
22:02:29.154 INFO [general]  Config ( no  ): user properties from resource 'user.conf'
22:02:29.154 INFO [general]  Config ( no  ): user properties from file 'C:\Users\Administrator\git\blockchain\ethereum\ethereumj\ethereumj-applied\config\ethereumj.conf'
22:02:29.155 INFO [general]  Config ( no  ): test properties from resource 'test-ethereumj.conf'
22:02:29.155 INFO [general]  Config ( no  ): test properties from resource 'test-user.conf'
22:02:29.156 INFO [general]  Config ( no  ): user properties from -Dethereumj.conf.file file 'null'
22:02:29.156 INFO [general]  Config ( no  ): config passed via constructor
22:02:29.157 DEBUG [general]  Config trace: # ethereumj.conf: 164-438
blockchain {
    # ethereumj.conf: 164
    config {
        # ethereumj.conf: 164
        name=main
    }
    # ethereumj.conf: 438
    only=false
}
# ethereumj.conf: 444
blocks {
    # ethereumj.conf: 444
    loader=""
}
# ethereumj.conf: 224
cache {
    # ethereumj.conf: 245
    blockQueueSize=32
    # ethereumj.conf: 226
    flush {
        # ethereumj.conf: 235
        blocks=0
        # ethereumj.conf: 238
        shortSyncFlush=true
        # ethereumj.conf: 230
        writeCacheSize=64
    }
    # ethereumj.conf: 248
    headerQueueSize=8
    # ethereumj.conf: 255
    maxStateBloomSize=128
    # ethereumj.conf: 242
    stateCacheSize=256
}
# ethereumj.conf: 447
crypto {
    # ethereumj.conf: 451-452
    hash {
        # ethereumj.conf: 451
        alg256=ETH-KECCAK-256
        # ethereumj.conf: 452
        alg512=ETH-KECCAK-512
    }
    # ethereumj.conf: 449
    providerName=SC
}
# ethereumj.conf: 172
database {
    # ethereumj.conf: 175
    dir=database
    # ethereumj.conf: 192
    fromBackup=false
    # ethereumj.conf: 199
    incompatibleDatabaseBehavior=EXIT
    # ethereumj.conf: 205
    prune {
        # ethereumj.conf: 206
        enabled=true
        # ethereumj.conf: 219
        maxDepth=192
    }
    # ethereumj.conf: 181
    reset=false
    # ethereumj.conf: 187
    resetBlock=0
}
# ethereumj.conf: 366
dump {
    # ethereumj.conf: 379
    block=-1
    # ethereumj.conf: 383
    clean {
        # ethereumj.conf: 383
        on {
            # ethereumj.conf: 383
            restart=true
        }
    }
    # ethereumj.conf: 373
    dir=dmp
    # ethereumj.conf: 372
    full=false
    # ethereumj.conf: 380
    style=pretty
}
# ethereumj.conf: 150
genesis="frontier.json"
# ethereumj.conf: 419
hello {
    # ethereumj.conf: 419
    phrase=Dev
}
# ethereumj.conf: 435
keyvalue {
    # ethereumj.conf: 435
    datasource=rocksdb
}
# ethereumj.conf: 305
mine {
    # ethereumj.conf: 324
    coinbase="0000000000000000000000000000000000000000"
    # ethereumj.conf: 315
    cpuMineThreads=4
    # ethereumj.conf: 328
    extraData="EthereumJ powered"
    # ethereumj.conf: 321
    fullDataSet=true
    # ethereumj.conf: 337
    minBlockTimeoutMsec=0
    # ethereumj.conf: 334
    minGasPrice=15000000000
    # ethereumj.conf: 311
    start=false
    # ethereumj.conf: 341
    startNonce=null
}
# ethereumj.conf: 1-77
peer {
    # ethereumj.conf: 92
    active=[]
    # ethereumj.conf: 121
    capabilities=[
        # ethereumj.conf: 121
        eth
    ]
    # ethereumj.conf: 130
    channel {
        # ethereumj.conf: 130
        read {
            # ethereumj.conf: 130
            timeout=90
        }
    }
    # ethereumj.conf: 125
    connection {
        # ethereumj.conf: 125
        timeout=2
    }
    # ethereumj.conf: 1
    discovery {
        # ethereumj.conf: 52
        bind {
            # ethereumj.conf: 52
            ip=""
        }
        # ethereumj.conf: 8
        enabled=true
        # ethereumj.conf: 44
        external {
            # ethereumj.conf: 44
            ip=null
        }
        # ethereumj.conf: 13
        ip {
            # ethereumj.conf: 13
            list=[
                # ethereumj.conf: 15
                "5.1.83.226:30303",
                # ethereumj.conf: 18
                "52.16.188.185:30303",
                # ethereumj.conf: 19
                "13.93.211.84:30303",
                # ethereumj.conf: 20
                "191.235.84.50:30303",
                # ethereumj.conf: 21
                "13.75.154.138:30303",
                # ethereumj.conf: 22
                "52.74.57.123:30303",
                # ethereumj.conf: 25
                "163.172.187.252:30303",
                # ethereumj.conf: 26
                "163.172.157.114:30303",
                # ethereumj.conf: 27
                "136.243.154.244:30303",
                # ethereumj.conf: 28
                "88.212.206.70:30303",
                # ethereumj.conf: 29
                "37.128.191.230:30303",
                # ethereumj.conf: 30
                "46.20.235.22:30303",
                # ethereumj.conf: 31
                "216.158.85.185:30303",
                # ethereumj.conf: 32
                "212.47.247.103:30303",
                # ethereumj.conf: 33
                "138.201.144.135:30303",
                # ethereumj.conf: 34
                "45.55.33.62:30303",
                # ethereumj.conf: 35
                "188.166.255.12:30303",
                # ethereumj.conf: 36
                "159.203.210.80:30303",
                # ethereumj.conf: 37
                "51.15.42.252:30303",
                # ethereumj.conf: 38
                "163.172.171.38:30303"
            ]
        }
        # ethereumj.conf: 60
        persist=true
        # ethereumj.conf: 56
        public {
            # ethereumj.conf: 56
            home {
                # ethereumj.conf: 56
                node=true
            }
        }
        # ethereumj.conf: 69
        touchMaxNodes=100
        # ethereumj.conf: 65
        touchPeriod=600
        # ethereumj.conf: 74
        workers=8
    }
    # ethereumj.conf: 80
    listen {
        # ethereumj.conf: 80
        port=30303
    }
    # ethereumj.conf: 117
    maxActivePeers=30
    # ethereumj.conf: 83
    networkId=1
    # ethereumj.conf: 132
    p2p {
        # ethereumj.conf: 142
        eip8=true
        # ethereumj.conf: 138
        framing {
            # ethereumj.conf: 138
            maxSize=32768
        }
    }
    # ethereumj.conf: 103
    trusted=[]
}
# ethereumj.conf: 415
play {
    # ethereumj.conf: 415
    vm=true
}
# ethereumj.conf: 408-437
record {
    # ethereumj.conf: 437
    blocks=false
    # ethereumj.conf: 408
    internal {
        # ethereumj.conf: 408
        transactions {
            # ethereumj.conf: 408
            data=true
        }
    }
}
# ethereumj.conf: 431
root {
    # ethereumj.conf: 431
    hash {
        # ethereumj.conf: 431
        start=null
    }
}
# ethereumj.conf: 345
solc {
    # ethereumj.conf: 348
    path=null
}
# ethereumj.conf: 259
sync {
    # ethereumj.conf: 263
    enabled=true
    # ethereumj.conf: 301
    exitOnBlockConflict=false
    # ethereumj.conf: 266
    fast {
        # ethereumj.conf: 279
        backupState=false
        # ethereumj.conf: 270
        enabled=false
        # ethereumj.conf: 283
        skipHistory=false
    }
    # ethereumj.conf: 292
    peer {
        # ethereumj.conf: 292
        count=30
    }
}
# ethereumj.conf: 403
trace {
    # ethereumj.conf: 403
    startblock=-1
}
# ethereumj.conf: 360-364
transaction {
    # ethereumj.conf: 360
    approve {
        # ethereumj.conf: 360
        timeout=15
    }
    # ethereumj.conf: 364
    outdated {
        # ethereumj.conf: 364
        threshold=10
    }
}
# ethereumj.conf: 393
vm {
    # ethereumj.conf: 393
    structured {
        # ethereumj.conf: 396
        compressed=true
        # ethereumj.conf: 395
        dir=vmtrace
        # ethereumj.conf: 397
        initStorageLimit=10000
        # ethereumj.conf: 394
        trace=false
    }
}

22:03:43.483 INFO [general]  Config ( yes ): default properties from resource 'ethereumj.conf'
22:03:43.485 INFO [general]  Config ( no  ): user properties from -Dethereumj.conf.res resource 'null'
22:03:43.486 INFO [general]  Config ( no  ): user properties from resource 'user.conf'
22:03:43.487 INFO [general]  Config ( no  ): user properties from file 'C:\Users\Administrator\git\blockchain\ethereum\ethereumj\ethereumj-applied\config\ethereumj.conf'
22:03:43.487 INFO [general]  Config ( no  ): test properties from resource 'test-ethereumj.conf'
22:03:43.488 INFO [general]  Config ( no  ): test properties from resource 'test-user.conf'
22:03:43.488 INFO [general]  Config ( no  ): user properties from -Dethereumj.conf.file file 'null'
22:03:43.488 INFO [general]  Config ( no  ): config passed via constructor
22:03:43.489 DEBUG [general]  Config trace: # ethereumj.conf: 164-438
blockchain {
    # ethereumj.conf: 164
    config {
        # ethereumj.conf: 164
        name=main
    }
    # ethereumj.conf: 438
    only=false
}
# ethereumj.conf: 444
blocks {
    # ethereumj.conf: 444
    loader=""
}
# ethereumj.conf: 224
cache {
    # ethereumj.conf: 245
    blockQueueSize=32
    # ethereumj.conf: 226
    flush {
        # ethereumj.conf: 235
        blocks=0
        # ethereumj.conf: 238
        shortSyncFlush=true
        # ethereumj.conf: 230
        writeCacheSize=64
    }
    # ethereumj.conf: 248
    headerQueueSize=8
    # ethereumj.conf: 255
    maxStateBloomSize=128
    # ethereumj.conf: 242
    stateCacheSize=256
}
# ethereumj.conf: 447
crypto {
    # ethereumj.conf: 451-452
    hash {
        # ethereumj.conf: 451
        alg256=ETH-KECCAK-256
        # ethereumj.conf: 452
        alg512=ETH-KECCAK-512
    }
    # ethereumj.conf: 449
    providerName=SC
}
# ethereumj.conf: 172
database {
    # ethereumj.conf: 175
    dir=database
    # ethereumj.conf: 192
    fromBackup=false
    # ethereumj.conf: 199
    incompatibleDatabaseBehavior=EXIT
    # ethereumj.conf: 205
    prune {
        # ethereumj.conf: 206
        enabled=true
        # ethereumj.conf: 219
        maxDepth=192
    }
    # ethereumj.conf: 181
    reset=false
    # ethereumj.conf: 187
    resetBlock=0
}
# ethereumj.conf: 366
dump {
    # ethereumj.conf: 379
    block=-1
    # ethereumj.conf: 383
    clean {
        # ethereumj.conf: 383
        on {
            # ethereumj.conf: 383
            restart=true
        }
    }
    # ethereumj.conf: 373
    dir=dmp
    # ethereumj.conf: 372
    full=false
    # ethereumj.conf: 380
    style=pretty
}
# ethereumj.conf: 150
genesis="frontier.json"
# ethereumj.conf: 419
hello {
    # ethereumj.conf: 419
    phrase=Dev
}
# ethereumj.conf: 435
keyvalue {
    # ethereumj.conf: 435
    datasource=rocksdb
}
# ethereumj.conf: 305
mine {
    # ethereumj.conf: 324
    coinbase="0000000000000000000000000000000000000000"
    # ethereumj.conf: 315
    cpuMineThreads=4
    # ethereumj.conf: 328
    extraData="EthereumJ powered"
    # ethereumj.conf: 321
    fullDataSet=true
    # ethereumj.conf: 337
    minBlockTimeoutMsec=0
    # ethereumj.conf: 334
    minGasPrice=15000000000
    # ethereumj.conf: 311
    start=false
    # ethereumj.conf: 341
    startNonce=null
}
# ethereumj.conf: 1-77
peer {
    # ethereumj.conf: 92
    active=[]
    # ethereumj.conf: 121
    capabilities=[
        # ethereumj.conf: 121
        eth
    ]
    # ethereumj.conf: 130
    channel {
        # ethereumj.conf: 130
        read {
            # ethereumj.conf: 130
            timeout=90
        }
    }
    # ethereumj.conf: 125
    connection {
        # ethereumj.conf: 125
        timeout=2
    }
    # ethereumj.conf: 1
    discovery {
        # ethereumj.conf: 52
        bind {
            # ethereumj.conf: 52
            ip=""
        }
        # ethereumj.conf: 8
        enabled=true
        # ethereumj.conf: 44
        external {
            # ethereumj.conf: 44
            ip=null
        }
        # ethereumj.conf: 13
        ip {
            # ethereumj.conf: 13
            list=[
                # ethereumj.conf: 15
                "5.1.83.226:30303",
                # ethereumj.conf: 18
                "52.16.188.185:30303",
                # ethereumj.conf: 19
                "13.93.211.84:30303",
                # ethereumj.conf: 20
                "191.235.84.50:30303",
                # ethereumj.conf: 21
                "13.75.154.138:30303",
                # ethereumj.conf: 22
                "52.74.57.123:30303",
                # ethereumj.conf: 25
                "163.172.187.252:30303",
                # ethereumj.conf: 26
                "163.172.157.114:30303",
                # ethereumj.conf: 27
                "136.243.154.244:30303",
                # ethereumj.conf: 28
                "88.212.206.70:30303",
                # ethereumj.conf: 29
                "37.128.191.230:30303",
                # ethereumj.conf: 30
                "46.20.235.22:30303",
                # ethereumj.conf: 31
                "216.158.85.185:30303",
                # ethereumj.conf: 32
                "212.47.247.103:30303",
                # ethereumj.conf: 33
                "138.201.144.135:30303",
                # ethereumj.conf: 34
                "45.55.33.62:30303",
                # ethereumj.conf: 35
                "188.166.255.12:30303",
                # ethereumj.conf: 36
                "159.203.210.80:30303",
                # ethereumj.conf: 37
                "51.15.42.252:30303",
                # ethereumj.conf: 38
                "163.172.171.38:30303"
            ]
        }
        # ethereumj.conf: 60
        persist=true
        # ethereumj.conf: 56
        public {
            # ethereumj.conf: 56
            home {
                # ethereumj.conf: 56
                node=true
            }
        }
        # ethereumj.conf: 69
        touchMaxNodes=100
        # ethereumj.conf: 65
        touchPeriod=600
        # ethereumj.conf: 74
        workers=8
    }
    # ethereumj.conf: 80
    listen {
        # ethereumj.conf: 80
        port=30303
    }
    # ethereumj.conf: 117
    maxActivePeers=30
    # ethereumj.conf: 83
    networkId=1
    # ethereumj.conf: 132
    p2p {
        # ethereumj.conf: 142
        eip8=true
        # ethereumj.conf: 138
        framing {
            # ethereumj.conf: 138
            maxSize=32768
        }
    }
    # ethereumj.conf: 103
    trusted=[]
}
# ethereumj.conf: 415
play {
    # ethereumj.conf: 415
    vm=true
}
# ethereumj.conf: 408-437
record {
    # ethereumj.conf: 437
    blocks=false
    # ethereumj.conf: 408
    internal {
        # ethereumj.conf: 408
        transactions {
            # ethereumj.conf: 408
            data=true
        }
    }
}
# ethereumj.conf: 431
root {
    # ethereumj.conf: 431
    hash {
        # ethereumj.conf: 431
        start=null
    }
}
# ethereumj.conf: 345
solc {
    # ethereumj.conf: 348
    path=null
}
# ethereumj.conf: 259
sync {
    # ethereumj.conf: 263
    enabled=true
    # ethereumj.conf: 301
    exitOnBlockConflict=false
    # ethereumj.conf: 266
    fast {
        # ethereumj.conf: 279
        backupState=false
        # ethereumj.conf: 270
        enabled=false
        # ethereumj.conf: 283
        skipHistory=false
    }
    # ethereumj.conf: 292
    peer {
        # ethereumj.conf: 292
        count=30
    }
}
# ethereumj.conf: 403
trace {
    # ethereumj.conf: 403
    startblock=-1
}
# ethereumj.conf: 360-364
transaction {
    # ethereumj.conf: 360
    approve {
        # ethereumj.conf: 360
        timeout=15
    }
    # ethereumj.conf: 364
    outdated {
        # ethereumj.conf: 364
        threshold=10
    }
}
# ethereumj.conf: 393
vm {
    # ethereumj.conf: 393
    structured {
        # ethereumj.conf: 396
        compressed=true
        # ethereumj.conf: 395
        dir=vmtrace
        # ethereumj.conf: 397
        initStorageLimit=10000
        # ethereumj.conf: 394
        trace=false
    }
}

22:03:43.507 DEBUG [db]  New LevelDbDataSource: test
22:22:24.139 INFO [general]  Config ( yes ): default properties from resource 'ethereumj.conf'
22:22:24.142 INFO [general]  Config ( no  ): user properties from -Dethereumj.conf.res resource 'null'
22:22:24.143 INFO [general]  Config ( no  ): user properties from resource 'user.conf'
22:22:24.144 INFO [general]  Config ( no  ): user properties from file 'C:\Users\Administrator\git\blockchain\ethereum\ethereumj\ethereumj-applied\config\ethereumj.conf'
22:22:24.145 INFO [general]  Config ( no  ): test properties from resource 'test-ethereumj.conf'
22:22:24.145 INFO [general]  Config ( no  ): test properties from resource 'test-user.conf'
22:22:24.145 INFO [general]  Config ( no  ): user properties from -Dethereumj.conf.file file 'null'
22:22:24.145 INFO [general]  Config ( no  ): config passed via constructor
22:22:24.148 DEBUG [general]  Config trace: # ethereumj.conf: 164-438
blockchain {
    # ethereumj.conf: 164
    config {
        # ethereumj.conf: 164
        name=main
    }
    # ethereumj.conf: 438
    only=false
}
# ethereumj.conf: 444
blocks {
    # ethereumj.conf: 444
    loader=""
}
# ethereumj.conf: 224
cache {
    # ethereumj.conf: 245
    blockQueueSize=32
    # ethereumj.conf: 226
    flush {
        # ethereumj.conf: 235
        blocks=0
        # ethereumj.conf: 238
        shortSyncFlush=true
        # ethereumj.conf: 230
        writeCacheSize=64
    }
    # ethereumj.conf: 248
    headerQueueSize=8
    # ethereumj.conf: 255
    maxStateBloomSize=128
    # ethereumj.conf: 242
    stateCacheSize=256
}
# ethereumj.conf: 447
crypto {
    # ethereumj.conf: 451-452
    hash {
        # ethereumj.conf: 451
        alg256=ETH-KECCAK-256
        # ethereumj.conf: 452
        alg512=ETH-KECCAK-512
    }
    # ethereumj.conf: 449
    providerName=SC
}
# ethereumj.conf: 172
database {
    # ethereumj.conf: 175
    dir=database
    # ethereumj.conf: 192
    fromBackup=false
    # ethereumj.conf: 199
    incompatibleDatabaseBehavior=EXIT
    # ethereumj.conf: 205
    prune {
        # ethereumj.conf: 206
        enabled=true
        # ethereumj.conf: 219
        maxDepth=192
    }
    # ethereumj.conf: 181
    reset=false
    # ethereumj.conf: 187
    resetBlock=0
}
# ethereumj.conf: 366
dump {
    # ethereumj.conf: 379
    block=-1
    # ethereumj.conf: 383
    clean {
        # ethereumj.conf: 383
        on {
            # ethereumj.conf: 383
            restart=true
        }
    }
    # ethereumj.conf: 373
    dir=dmp
    # ethereumj.conf: 372
    full=false
    # ethereumj.conf: 380
    style=pretty
}
# ethereumj.conf: 150
genesis="frontier.json"
# ethereumj.conf: 419
hello {
    # ethereumj.conf: 419
    phrase=Dev
}
# ethereumj.conf: 435
keyvalue {
    # ethereumj.conf: 435
    datasource=rocksdb
}
# ethereumj.conf: 305
mine {
    # ethereumj.conf: 324
    coinbase="0000000000000000000000000000000000000000"
    # ethereumj.conf: 315
    cpuMineThreads=4
    # ethereumj.conf: 328
    extraData="EthereumJ powered"
    # ethereumj.conf: 321
    fullDataSet=true
    # ethereumj.conf: 337
    minBlockTimeoutMsec=0
    # ethereumj.conf: 334
    minGasPrice=15000000000
    # ethereumj.conf: 311
    start=false
    # ethereumj.conf: 341
    startNonce=null
}
# ethereumj.conf: 1-77
peer {
    # ethereumj.conf: 92
    active=[]
    # ethereumj.conf: 121
    capabilities=[
        # ethereumj.conf: 121
        eth
    ]
    # ethereumj.conf: 130
    channel {
        # ethereumj.conf: 130
        read {
            # ethereumj.conf: 130
            timeout=90
        }
    }
    # ethereumj.conf: 125
    connection {
        # ethereumj.conf: 125
        timeout=2
    }
    # ethereumj.conf: 1
    discovery {
        # ethereumj.conf: 52
        bind {
            # ethereumj.conf: 52
            ip=""
        }
        # ethereumj.conf: 8
        enabled=true
        # ethereumj.conf: 44
        external {
            # ethereumj.conf: 44
            ip=null
        }
        # ethereumj.conf: 13
        ip {
            # ethereumj.conf: 13
            list=[
                # ethereumj.conf: 15
                "5.1.83.226:30303",
                # ethereumj.conf: 18
                "52.16.188.185:30303",
                # ethereumj.conf: 19
                "13.93.211.84:30303",
                # ethereumj.conf: 20
                "191.235.84.50:30303",
                # ethereumj.conf: 21
                "13.75.154.138:30303",
                # ethereumj.conf: 22
                "52.74.57.123:30303",
                # ethereumj.conf: 25
                "163.172.187.252:30303",
                # ethereumj.conf: 26
                "163.172.157.114:30303",
                # ethereumj.conf: 27
                "136.243.154.244:30303",
                # ethereumj.conf: 28
                "88.212.206.70:30303",
                # ethereumj.conf: 29
                "37.128.191.230:30303",
                # ethereumj.conf: 30
                "46.20.235.22:30303",
                # ethereumj.conf: 31
                "216.158.85.185:30303",
                # ethereumj.conf: 32
                "212.47.247.103:30303",
                # ethereumj.conf: 33
                "138.201.144.135:30303",
                # ethereumj.conf: 34
                "45.55.33.62:30303",
                # ethereumj.conf: 35
                "188.166.255.12:30303",
                # ethereumj.conf: 36
                "159.203.210.80:30303",
                # ethereumj.conf: 37
                "51.15.42.252:30303",
                # ethereumj.conf: 38
                "163.172.171.38:30303"
            ]
        }
        # ethereumj.conf: 60
        persist=true
        # ethereumj.conf: 56
        public {
            # ethereumj.conf: 56
            home {
                # ethereumj.conf: 56
                node=true
            }
        }
        # ethereumj.conf: 69
        touchMaxNodes=100
        # ethereumj.conf: 65
        touchPeriod=600
        # ethereumj.conf: 74
        workers=8
    }
    # ethereumj.conf: 80
    listen {
        # ethereumj.conf: 80
        port=30303
    }
    # ethereumj.conf: 117
    maxActivePeers=30
    # ethereumj.conf: 83
    networkId=1
    # ethereumj.conf: 132
    p2p {
        # ethereumj.conf: 142
        eip8=true
        # ethereumj.conf: 138
        framing {
            # ethereumj.conf: 138
            maxSize=32768
        }
    }
    # ethereumj.conf: 103
    trusted=[]
}
# ethereumj.conf: 415
play {
    # ethereumj.conf: 415
    vm=true
}
# ethereumj.conf: 408-437
record {
    # ethereumj.conf: 437
    blocks=false
    # ethereumj.conf: 408
    internal {
        # ethereumj.conf: 408
        transactions {
            # ethereumj.conf: 408
            data=true
        }
    }
}
# ethereumj.conf: 431
root {
    # ethereumj.conf: 431
    hash {
        # ethereumj.conf: 431
        start=null
    }
}
# ethereumj.conf: 345
solc {
    # ethereumj.conf: 348
    path=null
}
# ethereumj.conf: 259
sync {
    # ethereumj.conf: 263
    enabled=true
    # ethereumj.conf: 301
    exitOnBlockConflict=false
    # ethereumj.conf: 266
    fast {
        # ethereumj.conf: 279
        backupState=false
        # ethereumj.conf: 270
        enabled=false
        # ethereumj.conf: 283
        skipHistory=false
    }
    # ethereumj.conf: 292
    peer {
        # ethereumj.conf: 292
        count=30
    }
}
# ethereumj.conf: 403
trace {
    # ethereumj.conf: 403
    startblock=-1
}
# ethereumj.conf: 360-364
transaction {
    # ethereumj.conf: 360
    approve {
        # ethereumj.conf: 360
        timeout=15
    }
    # ethereumj.conf: 364
    outdated {
        # ethereumj.conf: 364
        threshold=10
    }
}
# ethereumj.conf: 393
vm {
    # ethereumj.conf: 393
    structured {
        # ethereumj.conf: 396
        compressed=true
        # ethereumj.conf: 395
        dir=vmtrace
        # ethereumj.conf: 397
        initStorageLimit=10000
        # ethereumj.conf: 394
        trace=false
    }
}

22:22:24.191 DEBUG [db]  New RocksDbDataSource: test
22:22:24.194 DEBUG [db]  ~> RocksDbDataSource.init(): test
22:22:24.203 DEBUG [db]  Opening database
22:22:24.205 DEBUG [db]  Initializing new or existing database: 'test'
22:22:24.259 DEBUG [db]  <~ RocksDbDataSource.init(): test
22:22:24.263 DEBUG [db]  Close db: test
22:24:26.776 INFO [general]  Config ( yes ): default properties from resource 'ethereumj.conf'
22:24:26.780 INFO [general]  Config ( no  ): user properties from -Dethereumj.conf.res resource 'null'
22:24:26.781 INFO [general]  Config ( no  ): user properties from resource 'user.conf'
22:24:26.781 INFO [general]  Config ( no  ): user properties from file 'C:\Users\Administrator\git\blockchain\ethereum\ethereumj\ethereumj-applied\config\ethereumj.conf'
22:24:26.782 INFO [general]  Config ( no  ): test properties from resource 'test-ethereumj.conf'
22:24:26.782 INFO [general]  Config ( no  ): test properties from resource 'test-user.conf'
22:24:26.782 INFO [general]  Config ( no  ): user properties from -Dethereumj.conf.file file 'null'
22:24:26.782 INFO [general]  Config ( no  ): config passed via constructor
22:24:26.845 DEBUG [general]  Config trace: # ethereumj.conf: 164-438
blockchain {
    # ethereumj.conf: 164
    config {
        # ethereumj.conf: 164
        name=main
    }
    # ethereumj.conf: 438
    only=false
}
# ethereumj.conf: 444
blocks {
    # ethereumj.conf: 444
    loader=""
}
# ethereumj.conf: 224
cache {
    # ethereumj.conf: 245
    blockQueueSize=32
    # ethereumj.conf: 226
    flush {
        # ethereumj.conf: 235
        blocks=0
        # ethereumj.conf: 238
        shortSyncFlush=true
        # ethereumj.conf: 230
        writeCacheSize=64
    }
    # ethereumj.conf: 248
    headerQueueSize=8
    # ethereumj.conf: 255
    maxStateBloomSize=128
    # ethereumj.conf: 242
    stateCacheSize=256
}
# ethereumj.conf: 447
crypto {
    # ethereumj.conf: 451-452
    hash {
        # ethereumj.conf: 451
        alg256=ETH-KECCAK-256
        # ethereumj.conf: 452
        alg512=ETH-KECCAK-512
    }
    # ethereumj.conf: 449
    providerName=SC
}
# ethereumj.conf: 172
database {
    # ethereumj.conf: 175
    dir=database
    # ethereumj.conf: 192
    fromBackup=false
    # ethereumj.conf: 199
    incompatibleDatabaseBehavior=EXIT
    # ethereumj.conf: 205
    prune {
        # ethereumj.conf: 206
        enabled=true
        # ethereumj.conf: 219
        maxDepth=192
    }
    # ethereumj.conf: 181
    reset=false
    # ethereumj.conf: 187
    resetBlock=0
}
# ethereumj.conf: 366
dump {
    # ethereumj.conf: 379
    block=-1
    # ethereumj.conf: 383
    clean {
        # ethereumj.conf: 383
        on {
            # ethereumj.conf: 383
            restart=true
        }
    }
    # ethereumj.conf: 373
    dir=dmp
    # ethereumj.conf: 372
    full=false
    # ethereumj.conf: 380
    style=pretty
}
# ethereumj.conf: 150
genesis="frontier.json"
# ethereumj.conf: 419
hello {
    # ethereumj.conf: 419
    phrase=Dev
}
# ethereumj.conf: 435
keyvalue {
    # ethereumj.conf: 435
    datasource=rocksdb
}
# ethereumj.conf: 305
mine {
    # ethereumj.conf: 324
    coinbase="0000000000000000000000000000000000000000"
    # ethereumj.conf: 315
    cpuMineThreads=4
    # ethereumj.conf: 328
    extraData="EthereumJ powered"
    # ethereumj.conf: 321
    fullDataSet=true
    # ethereumj.conf: 337
    minBlockTimeoutMsec=0
    # ethereumj.conf: 334
    minGasPrice=15000000000
    # ethereumj.conf: 311
    start=false
    # ethereumj.conf: 341
    startNonce=null
}
# ethereumj.conf: 1-77
peer {
    # ethereumj.conf: 92
    active=[]
    # ethereumj.conf: 121
    capabilities=[
        # ethereumj.conf: 121
        eth
    ]
    # ethereumj.conf: 130
    channel {
        # ethereumj.conf: 130
        read {
            # ethereumj.conf: 130
            timeout=90
        }
    }
    # ethereumj.conf: 125
    connection {
        # ethereumj.conf: 125
        timeout=2
    }
    # ethereumj.conf: 1
    discovery {
        # ethereumj.conf: 52
        bind {
            # ethereumj.conf: 52
            ip=""
        }
        # ethereumj.conf: 8
        enabled=true
        # ethereumj.conf: 44
        external {
            # ethereumj.conf: 44
            ip=null
        }
        # ethereumj.conf: 13
        ip {
            # ethereumj.conf: 13
            list=[
                # ethereumj.conf: 15
                "5.1.83.226:30303",
                # ethereumj.conf: 18
                "52.16.188.185:30303",
                # ethereumj.conf: 19
                "13.93.211.84:30303",
                # ethereumj.conf: 20
                "191.235.84.50:30303",
                # ethereumj.conf: 21
                "13.75.154.138:30303",
                # ethereumj.conf: 22
                "52.74.57.123:30303",
                # ethereumj.conf: 25
                "163.172.187.252:30303",
                # ethereumj.conf: 26
                "163.172.157.114:30303",
                # ethereumj.conf: 27
                "136.243.154.244:30303",
                # ethereumj.conf: 28
                "88.212.206.70:30303",
                # ethereumj.conf: 29
                "37.128.191.230:30303",
                # ethereumj.conf: 30
                "46.20.235.22:30303",
                # ethereumj.conf: 31
                "216.158.85.185:30303",
                # ethereumj.conf: 32
                "212.47.247.103:30303",
                # ethereumj.conf: 33
                "138.201.144.135:30303",
                # ethereumj.conf: 34
                "45.55.33.62:30303",
                # ethereumj.conf: 35
                "188.166.255.12:30303",
                # ethereumj.conf: 36
                "159.203.210.80:30303",
                # ethereumj.conf: 37
                "51.15.42.252:30303",
                # ethereumj.conf: 38
                "163.172.171.38:30303"
            ]
        }
        # ethereumj.conf: 60
        persist=true
        # ethereumj.conf: 56
        public {
            # ethereumj.conf: 56
            home {
                # ethereumj.conf: 56
                node=true
            }
        }
        # ethereumj.conf: 69
        touchMaxNodes=100
        # ethereumj.conf: 65
        touchPeriod=600
        # ethereumj.conf: 74
        workers=8
    }
    # ethereumj.conf: 80
    listen {
        # ethereumj.conf: 80
        port=30303
    }
    # ethereumj.conf: 117
    maxActivePeers=30
    # ethereumj.conf: 83
    networkId=1
    # ethereumj.conf: 132
    p2p {
        # ethereumj.conf: 142
        eip8=true
        # ethereumj.conf: 138
        framing {
            # ethereumj.conf: 138
            maxSize=32768
        }
    }
    # ethereumj.conf: 103
    trusted=[]
}
# ethereumj.conf: 415
play {
    # ethereumj.conf: 415
    vm=true
}
# ethereumj.conf: 408-437
record {
    # ethereumj.conf: 437
    blocks=false
    # ethereumj.conf: 408
    internal {
        # ethereumj.conf: 408
        transactions {
            # ethereumj.conf: 408
            data=true
        }
    }
}
# ethereumj.conf: 431
root {
    # ethereumj.conf: 431
    hash {
        # ethereumj.conf: 431
        start=null
    }
}
# ethereumj.conf: 345
solc {
    # ethereumj.conf: 348
    path=null
}
# ethereumj.conf: 259
sync {
    # ethereumj.conf: 263
    enabled=true
    # ethereumj.conf: 301
    exitOnBlockConflict=false
    # ethereumj.conf: 266
    fast {
        # ethereumj.conf: 279
        backupState=false
        # ethereumj.conf: 270
        enabled=false
        # ethereumj.conf: 283
        skipHistory=false
    }
    # ethereumj.conf: 292
    peer {
        # ethereumj.conf: 292
        count=30
    }
}
# ethereumj.conf: 403
trace {
    # ethereumj.conf: 403
    startblock=-1
}
# ethereumj.conf: 360-364
transaction {
    # ethereumj.conf: 360
    approve {
        # ethereumj.conf: 360
        timeout=15
    }
    # ethereumj.conf: 364
    outdated {
        # ethereumj.conf: 364
        threshold=10
    }
}
# ethereumj.conf: 393
vm {
    # ethereumj.conf: 393
    structured {
        # ethereumj.conf: 396
        compressed=true
        # ethereumj.conf: 395
        dir=vmtrace
        # ethereumj.conf: 397
        initStorageLimit=10000
        # ethereumj.conf: 394
        trace=false
    }
}

22:24:26.875 DEBUG [db]  New RocksDbDataSource: test
22:24:26.983 DEBUG [db]  ~> RocksDbDataSource.init(): test
22:24:27.001 DEBUG [db]  Opening database
22:24:27.007 DEBUG [db]  Initializing new or existing database: 'test'
22:24:27.149 DEBUG [db]  <~ RocksDbDataSource.init(): test
22:24:27.225 DEBUG [db]  Close db: test
22:25:21.146 INFO [general]  Config ( yes ): default properties from resource 'ethereumj.conf'
22:25:21.150 INFO [general]  Config ( no  ): user properties from -Dethereumj.conf.res resource 'null'
22:25:21.151 INFO [general]  Config ( no  ): user properties from resource 'user.conf'
22:25:21.153 INFO [general]  Config ( no  ): user properties from file 'C:\Users\Administrator\git\blockchain\ethereum\ethereumj\ethereumj-applied\config\ethereumj.conf'
22:25:21.153 INFO [general]  Config ( no  ): test properties from resource 'test-ethereumj.conf'
22:25:21.155 INFO [general]  Config ( no  ): test properties from resource 'test-user.conf'
22:25:21.155 INFO [general]  Config ( no  ): user properties from -Dethereumj.conf.file file 'null'
22:25:21.155 INFO [general]  Config ( no  ): config passed via constructor
22:25:21.171 DEBUG [general]  Config trace: # ethereumj.conf: 164-438
blockchain {
    # ethereumj.conf: 164
    config {
        # ethereumj.conf: 164
        name=main
    }
    # ethereumj.conf: 438
    only=false
}
# ethereumj.conf: 444
blocks {
    # ethereumj.conf: 444
    loader=""
}
# ethereumj.conf: 224
cache {
    # ethereumj.conf: 245
    blockQueueSize=32
    # ethereumj.conf: 226
    flush {
        # ethereumj.conf: 235
        blocks=0
        # ethereumj.conf: 238
        shortSyncFlush=true
        # ethereumj.conf: 230
        writeCacheSize=64
    }
    # ethereumj.conf: 248
    headerQueueSize=8
    # ethereumj.conf: 255
    maxStateBloomSize=128
    # ethereumj.conf: 242
    stateCacheSize=256
}
# ethereumj.conf: 447
crypto {
    # ethereumj.conf: 451-452
    hash {
        # ethereumj.conf: 451
        alg256=ETH-KECCAK-256
        # ethereumj.conf: 452
        alg512=ETH-KECCAK-512
    }
    # ethereumj.conf: 449
    providerName=SC
}
# ethereumj.conf: 172
database {
    # ethereumj.conf: 175
    dir=database
    # ethereumj.conf: 192
    fromBackup=false
    # ethereumj.conf: 199
    incompatibleDatabaseBehavior=EXIT
    # ethereumj.conf: 205
    prune {
        # ethereumj.conf: 206
        enabled=true
        # ethereumj.conf: 219
        maxDepth=192
    }
    # ethereumj.conf: 181
    reset=false
    # ethereumj.conf: 187
    resetBlock=0
}
# ethereumj.conf: 366
dump {
    # ethereumj.conf: 379
    block=-1
    # ethereumj.conf: 383
    clean {
        # ethereumj.conf: 383
        on {
            # ethereumj.conf: 383
            restart=true
        }
    }
    # ethereumj.conf: 373
    dir=dmp
    # ethereumj.conf: 372
    full=false
    # ethereumj.conf: 380
    style=pretty
}
# ethereumj.conf: 150
genesis="frontier.json"
# ethereumj.conf: 419
hello {
    # ethereumj.conf: 419
    phrase=Dev
}
# ethereumj.conf: 435
keyvalue {
    # ethereumj.conf: 435
    datasource=rocksdb
}
# ethereumj.conf: 305
mine {
    # ethereumj.conf: 324
    coinbase="0000000000000000000000000000000000000000"
    # ethereumj.conf: 315
    cpuMineThreads=4
    # ethereumj.conf: 328
    extraData="EthereumJ powered"
    # ethereumj.conf: 321
    fullDataSet=true
    # ethereumj.conf: 337
    minBlockTimeoutMsec=0
    # ethereumj.conf: 334
    minGasPrice=15000000000
    # ethereumj.conf: 311
    start=false
    # ethereumj.conf: 341
    startNonce=null
}
# ethereumj.conf: 1-77
peer {
    # ethereumj.conf: 92
    active=[]
    # ethereumj.conf: 121
    capabilities=[
        # ethereumj.conf: 121
        eth
    ]
    # ethereumj.conf: 130
    channel {
        # ethereumj.conf: 130
        read {
            # ethereumj.conf: 130
            timeout=90
        }
    }
    # ethereumj.conf: 125
    connection {
        # ethereumj.conf: 125
        timeout=2
    }
    # ethereumj.conf: 1
    discovery {
        # ethereumj.conf: 52
        bind {
            # ethereumj.conf: 52
            ip=""
        }
        # ethereumj.conf: 8
        enabled=true
        # ethereumj.conf: 44
        external {
            # ethereumj.conf: 44
            ip=null
        }
        # ethereumj.conf: 13
        ip {
            # ethereumj.conf: 13
            list=[
                # ethereumj.conf: 15
                "5.1.83.226:30303",
                # ethereumj.conf: 18
                "52.16.188.185:30303",
                # ethereumj.conf: 19
                "13.93.211.84:30303",
                # ethereumj.conf: 20
                "191.235.84.50:30303",
                # ethereumj.conf: 21
                "13.75.154.138:30303",
                # ethereumj.conf: 22
                "52.74.57.123:30303",
                # ethereumj.conf: 25
                "163.172.187.252:30303",
                # ethereumj.conf: 26
                "163.172.157.114:30303",
                # ethereumj.conf: 27
                "136.243.154.244:30303",
                # ethereumj.conf: 28
                "88.212.206.70:30303",
                # ethereumj.conf: 29
                "37.128.191.230:30303",
                # ethereumj.conf: 30
                "46.20.235.22:30303",
                # ethereumj.conf: 31
                "216.158.85.185:30303",
                # ethereumj.conf: 32
                "212.47.247.103:30303",
                # ethereumj.conf: 33
                "138.201.144.135:30303",
                # ethereumj.conf: 34
                "45.55.33.62:30303",
                # ethereumj.conf: 35
                "188.166.255.12:30303",
                # ethereumj.conf: 36
                "159.203.210.80:30303",
                # ethereumj.conf: 37
                "51.15.42.252:30303",
                # ethereumj.conf: 38
                "163.172.171.38:30303"
            ]
        }
        # ethereumj.conf: 60
        persist=true
        # ethereumj.conf: 56
        public {
            # ethereumj.conf: 56
            home {
                # ethereumj.conf: 56
                node=true
            }
        }
        # ethereumj.conf: 69
        touchMaxNodes=100
        # ethereumj.conf: 65
        touchPeriod=600
        # ethereumj.conf: 74
        workers=8
    }
    # ethereumj.conf: 80
    listen {
        # ethereumj.conf: 80
        port=30303
    }
    # ethereumj.conf: 117
    maxActivePeers=30
    # ethereumj.conf: 83
    networkId=1
    # ethereumj.conf: 132
    p2p {
        # ethereumj.conf: 142
        eip8=true
        # ethereumj.conf: 138
        framing {
            # ethereumj.conf: 138
            maxSize=32768
        }
    }
    # ethereumj.conf: 103
    trusted=[]
}
# ethereumj.conf: 415
play {
    # ethereumj.conf: 415
    vm=true
}
# ethereumj.conf: 408-437
record {
    # ethereumj.conf: 437
    blocks=false
    # ethereumj.conf: 408
    internal {
        # ethereumj.conf: 408
        transactions {
            # ethereumj.conf: 408
            data=true
        }
    }
}
# ethereumj.conf: 431
root {
    # ethereumj.conf: 431
    hash {
        # ethereumj.conf: 431
        start=null
    }
}
# ethereumj.conf: 345
solc {
    # ethereumj.conf: 348
    path=null
}
# ethereumj.conf: 259
sync {
    # ethereumj.conf: 263
    enabled=true
    # ethereumj.conf: 301
    exitOnBlockConflict=false
    # ethereumj.conf: 266
    fast {
        # ethereumj.conf: 279
        backupState=false
        # ethereumj.conf: 270
        enabled=false
        # ethereumj.conf: 283
        skipHistory=false
    }
    # ethereumj.conf: 292
    peer {
        # ethereumj.conf: 292
        count=30
    }
}
# ethereumj.conf: 403
trace {
    # ethereumj.conf: 403
    startblock=-1
}
# ethereumj.conf: 360-364
transaction {
    # ethereumj.conf: 360
    approve {
        # ethereumj.conf: 360
        timeout=15
    }
    # ethereumj.conf: 364
    outdated {
        # ethereumj.conf: 364
        threshold=10
    }
}
# ethereumj.conf: 393
vm {
    # ethereumj.conf: 393
    structured {
        # ethereumj.conf: 396
        compressed=true
        # ethereumj.conf: 395
        dir=vmtrace
        # ethereumj.conf: 397
        initStorageLimit=10000
        # ethereumj.conf: 394
        trace=false
    }
}

22:25:21.216 DEBUG [db]  New RocksDbDataSource: test
22:25:21.250 DEBUG [db]  ~> RocksDbDataSource.init(): test
22:25:21.264 DEBUG [db]  Opening database
22:25:21.267 DEBUG [db]  Initializing new or existing database: 'test'
22:25:21.319 DEBUG [db]  <~ RocksDbDataSource.init(): test
22:25:21.428 DEBUG [db]  Close db: test
